TN:
SF:src/renderer/src/App.vue
FN:1,(empty-report)
FNF:1
FNH:1
FNDA:1,(empty-report)
DA:2,0
LF:1
LH:0
BRDA:1,0,0,1
BRF:1
BRH:1
end_of_record
TN:
SF:src/renderer/src/api.d.ts
FN:1,(empty-report)
FNF:1
FNH:1
FNDA:1,(empty-report)
LF:0
LH:0
BRDA:1,0,0,1
BRF:1
BRH:1
end_of_record
TN:
SF:src/renderer/src/main.ts
FN:1,(empty-report)
FNF:1
FNH:0
FNDA:0,(empty-report)
DA:1,0
DA:2,0
DA:3,0
DA:4,0
DA:6,0
LF:5
LH:0
BRDA:1,0,0,0
BRF:1
BRH:0
end_of_record
TN:
SF:src/renderer/src/components/PlayingCard.vue
FN:84,onDragStart
FN:90,onDragEnd
FN:94,onDblClick
FNF:3
FNH:2
FNDA:1,onDragStart
FNDA:0,onDragEnd
FNDA:2,onDblClick
DA:2,1
DA:3,1
DA:4,1
DA:9,1
DA:10,1
DA:11,1
DA:12,1
DA:13,1
DA:15,1
DA:16,8
DA:17,8
DA:18,8
DA:19,8
DA:20,8
DA:21,8
DA:22,8
DA:23,8
DA:24,8
DA:25,8
DA:27,1
DA:29,1
DA:33,1
DA:34,1
DA:45,1
DA:53,1
DA:58,1
DA:59,1
DA:60,1
DA:61,1
DA:62,1
DA:63,1
DA:65,1
DA:66,1
DA:67,1
DA:69,1
DA:70,11
DA:71,1
DA:73,1
DA:74,3
DA:75,0
DA:76,0
DA:77,0
DA:78,0
DA:79,0
DA:80,0
DA:81,3
DA:82,1
DA:84,1
DA:85,1
DA:86,1
DA:87,1
DA:88,1
DA:90,0
DA:92,0
DA:94,2
DA:95,2
DA:96,2
LF:57
LH:49
BRDA:65,0,0,8
BRDA:65,1,0,0
BRDA:66,2,0,8
BRDA:67,3,0,8
BRDA:67,4,0,6
BRDA:67,5,0,2
BRDA:69,6,0,11
BRDA:73,7,0,3
BRDA:74,8,0,0
BRDA:84,9,0,1
BRDA:85,10,0,0
BRDA:94,11,0,2
BRDA:95,12,0,1
BRDA:9,13,0,2
BRDA:15,14,0,8
BRF:15
BRH:12
end_of_record
TN:
SF:src/renderer/src/components/Versions.vue
FN:1,(empty-report)
FNF:1
FNH:1
FNDA:1,(empty-report)
DA:2,0
DA:4,0
DA:8,0
DA:9,0
DA:10,0
DA:11,0
DA:12,0
LF:7
LH:0
BRDA:1,0,0,1
BRF:1
BRH:1
end_of_record
TN:
SF:src/renderer/src/components/WinOverlay.vue
FN:1,(empty-report)
FNF:1
FNH:1
FNDA:1,(empty-report)
DA:2,0
DA:3,0
DA:4,0
DA:5,0
DA:6,0
DA:7,0
DA:8,0
DA:9,0
DA:10,0
DA:11,0
DA:12,0
DA:13,0
DA:17,0
DA:19,0
DA:22,0
DA:23,0
DA:25,0
DA:32,0
DA:34,0
DA:35,0
DA:36,0
DA:37,0
DA:38,0
DA:39,0
DA:40,0
DA:41,0
DA:42,0
DA:43,0
DA:44,0
DA:45,0
DA:46,0
DA:47,0
DA:49,0
DA:50,0
DA:51,0
DA:52,0
DA:53,0
DA:54,0
DA:55,0
DA:56,0
DA:57,0
DA:58,0
DA:59,0
DA:60,0
DA:61,0
DA:62,0
DA:63,0
DA:64,0
DA:65,0
DA:66,0
DA:68,0
DA:69,0
DA:70,0
DA:71,0
DA:72,0
DA:74,0
DA:75,0
DA:76,0
DA:77,0
DA:79,0
DA:81,0
DA:82,0
DA:83,0
DA:84,0
DA:85,0
DA:86,0
LF:66
LH:0
BRDA:1,0,0,1
BRF:1
BRH:1
end_of_record
TN:
SF:src/renderer/src/engine/CanfieldEngine.ts
FN:17,buildDeck
FN:28,shuffle
FN:38,newGame
FN:78,nextRank
FN:83,prevRank
FN:90,canPlaceOnFoundation
FN:99,canPlaceOnTableau
FN:108,firstFaceUpIndex
FN:118,drawFromStock
FN:130,redealStock
FN:143,moveToFoundation
FN:164,moveTableauToTableau
FN:191,moveToTableau
FN:211,autoMoveToFoundation
FN:226,checkWin
FN:232,serialise
FN:236,deserialise
FN:242,cloneState
FN:246,topCardOf
FN:266,removeTopCard
FN:285,autoFillEmptyTableau
FNF:21
FNH:21
FNDA:10,buildDeck
FNDA:10,shuffle
FNDA:8,newGame
FNDA:7,nextRank
FNDA:8,prevRank
FNDA:13,canPlaceOnFoundation
FNDA:11,canPlaceOnTableau
FNDA:2,firstFaceUpIndex
FNDA:5,drawFromStock
FNDA:4,redealStock
FNDA:7,moveToFoundation
FNDA:4,moveTableauToTableau
FNDA:2,moveToTableau
FNDA:2,autoMoveToFoundation
FNDA:4,checkWin
FNDA:1,serialise
FNDA:1,deserialise
FNDA:21,cloneState
FNDA:11,topCardOf
FNDA:3,removeTopCard
FNDA:6,autoFillEmptyTableau
DA:5,1
DA:17,1
DA:18,10
DA:19,10
DA:20,40
DA:21,520
DA:22,520
DA:23,40
DA:24,10
DA:25,10
DA:28,1
DA:29,10
DA:30,416
DA:31,416
DA:32,416
DA:33,10
DA:34,10
DA:38,1
DA:39,8
DA:42,8
DA:43,8
DA:46,8
DA:47,8
DA:48,8
DA:51,8
DA:52,8
DA:53,32
DA:54,32
DA:55,32
DA:56,32
DA:59,8
DA:61,8
DA:62,8
DA:63,8
DA:64,8
DA:65,8
DA:66,8
DA:67,8
DA:68,8
DA:69,8
DA:70,8
DA:71,8
DA:72,8
DA:73,8
DA:78,1
DA:79,7
DA:80,7
DA:83,1
DA:84,8
DA:85,8
DA:90,1
DA:91,13
DA:92,7
DA:93,7
DA:94,6
DA:95,13
DA:96,13
DA:99,1
DA:100,11
DA:101,9
DA:102,11
DA:103,11
DA:108,1
DA:109,2
DA:110,3
DA:111,3
DA:112,1
DA:113,1
DA:118,1
DA:119,5
DA:120,4
DA:121,4
DA:122,4
DA:123,4
DA:124,4
DA:125,4
DA:126,4
DA:127,4
DA:130,1
DA:131,4
DA:132,4
DA:133,2
DA:134,2
DA:135,2
DA:136,2
DA:137,2
DA:138,2
DA:139,2
DA:140,2
DA:143,1
DA:144,7
DA:145,7
DA:146,7
DA:147,7
DA:148,7
DA:149,7
DA:150,7
DA:151,7
DA:152,7
DA:154,2
DA:155,2
DA:156,2
DA:157,2
DA:158,2
DA:159,2
DA:160,2
DA:161,2
DA:164,1
DA:165,4
DA:166,4
DA:167,4
DA:168,4
DA:169,4
DA:170,4
DA:171,4
DA:172,4
DA:173,4
DA:174,4
DA:175,4
DA:176,4
DA:177,4
DA:179,3
DA:181,4
DA:182,0
DA:183,0
DA:184,3
DA:185,3
DA:186,3
DA:187,3
DA:188,3
DA:191,1
DA:192,2
DA:193,2
DA:194,2
DA:195,2
DA:196,2
DA:197,2
DA:198,2
DA:199,2
DA:200,2
DA:202,1
DA:203,1
DA:204,1
DA:205,1
DA:206,1
DA:207,1
DA:208,1
DA:211,1
DA:212,2
DA:213,2
DA:214,2
DA:217,2
DA:218,5
DA:219,5
DA:220,5
DA:221,1
DA:222,1
DA:226,1
DA:227,4
DA:228,4
DA:232,1
DA:233,1
DA:234,1
DA:236,1
DA:237,1
DA:238,1
DA:242,21
DA:243,21
DA:244,21
DA:246,11
DA:247,11
DA:248,11
DA:249,11
DA:250,0
DA:251,0
DA:252,0
DA:253,0
DA:254,0
DA:255,0
DA:256,0
DA:257,0
DA:258,0
DA:259,0
DA:260,0
DA:261,0
DA:262,0
DA:263,0
DA:264,0
DA:266,3
DA:267,3
DA:268,3
DA:269,3
DA:270,0
DA:272,0
DA:273,0
DA:274,0
DA:275,0
DA:276,0
DA:277,0
DA:279,0
DA:280,0
DA:281,0
DA:282,3
DA:285,6
DA:286,6
DA:287,6
DA:288,4
DA:289,1
DA:290,1
DA:291,1
DA:293,1
DA:294,0
DA:295,0
DA:296,1
DA:297,4
DA:298,1
LF:216
LH:187
BRDA:17,0,0,10
BRDA:19,1,0,40
BRDA:20,2,0,520
BRDA:28,3,0,10
BRDA:29,4,0,416
BRDA:38,5,0,8
BRDA:52,6,0,32
BRDA:78,7,0,7
BRDA:83,8,0,8
BRDA:90,9,0,13
BRDA:91,10,0,7
BRDA:93,11,0,6
BRDA:95,12,0,5
BRDA:99,13,0,11
BRDA:100,14,0,2
BRDA:100,15,0,9
BRDA:102,16,0,6
BRDA:108,17,0,2
BRDA:109,18,0,3
BRDA:110,19,0,1
BRDA:111,20,0,1
BRDA:118,21,0,5
BRDA:119,22,0,1
BRDA:119,23,0,4
BRDA:123,24,0,6
BRDA:130,25,0,4
BRDA:131,26,0,1
BRDA:131,27,0,3
BRDA:132,28,0,1
BRDA:132,29,0,2
BRDA:135,30,0,4
BRDA:143,31,0,7
BRDA:151,32,0,0
BRDA:152,33,0,5
BRDA:152,34,0,2
BRDA:164,35,0,4
BRDA:174,36,0,0
BRDA:175,37,0,0
BRDA:177,38,0,1
BRDA:177,39,0,3
BRDA:181,40,0,0
BRDA:183,41,0,3
BRDA:184,42,0,4
BRDA:191,43,0,2
BRDA:198,44,0,0
BRDA:200,45,0,1
BRDA:211,46,0,2
BRDA:214,47,0,0
BRDA:217,48,0,5
BRDA:219,49,0,1
BRDA:220,50,0,1
BRDA:226,51,0,4
BRDA:227,52,0,16
BRDA:232,53,0,1
BRDA:236,54,0,1
BRDA:242,55,0,21
BRDA:246,56,0,11
BRDA:248,57,0,0
BRDA:249,58,0,0
BRDA:266,59,0,3
BRDA:269,60,0,0
BRDA:285,61,0,6
BRDA:286,62,0,5
BRDA:286,63,0,1
BRDA:287,64,0,4
BRDA:288,65,0,3
BRDA:288,66,0,1
BRDA:293,67,0,0
BRDA:297,68,0,1
BRF:69
BRH:59
end_of_record
TN:
SF:src/renderer/src/engine/types.ts
FN:12,suitColor
FNF:1
FNH:1
FNDA:26,suitColor
DA:9,1
DA:10,1
DA:12,1
DA:13,26
DA:14,26
LF:5
LH:5
BRDA:12,0,0,26
BRDA:13,1,0,11
BRDA:13,2,0,18
BRDA:13,3,0,8
BRF:4
BRH:4
end_of_record
TN:
SF:src/renderer/src/router/index.ts
FN:1,(empty-report)
FNF:1
FNH:0
FNDA:0,(empty-report)
DA:1,0
DA:2,0
DA:3,0
DA:4,0
DA:5,0
DA:7,0
DA:8,0
DA:9,0
DA:10,0
DA:11,0
DA:12,0
DA:13,0
DA:14,0
DA:15,0
DA:17,0
LF:15
LH:0
BRDA:1,0,0,0
BRF:1
BRH:0
end_of_record
TN:
SF:src/renderer/src/views/GameBoard.vue
FN:1,(empty-report)
FNF:1
FNH:1
FNDA:1,(empty-report)
DA:2,0
DA:3,0
DA:5,0
DA:6,0
DA:7,0
DA:8,0
DA:9,0
DA:10,0
DA:11,0
DA:12,0
DA:13,0
DA:14,0
DA:16,0
DA:17,0
DA:18,0
DA:19,0
DA:21,0
DA:22,0
DA:23,0
DA:24,0
DA:25,0
DA:26,0
DA:28,0
DA:29,0
DA:30,0
DA:31,0
DA:32,0
DA:33,0
DA:34,0
DA:35,0
DA:36,0
DA:39,0
DA:41,0
DA:42,0
DA:43,0
DA:45,0
DA:47,0
DA:48,0
DA:49,0
DA:50,0
DA:51,0
DA:52,0
DA:53,0
DA:54,0
DA:55,0
DA:56,0
DA:57,0
DA:59,0
DA:60,0
DA:61,0
DA:62,0
DA:63,0
DA:64,0
DA:65,0
DA:66,0
DA:67,0
DA:68,0
DA:69,0
DA:71,0
DA:73,0
DA:74,0
DA:75,0
DA:76,0
DA:77,0
DA:78,0
DA:79,0
DA:80,0
DA:81,0
DA:83,0
DA:84,0
DA:85,0
DA:86,0
DA:87,0
DA:88,0
DA:89,0
DA:90,0
DA:92,0
DA:93,0
DA:94,0
DA:95,0
DA:96,0
DA:98,0
DA:99,0
DA:100,0
DA:101,0
DA:102,0
DA:103,0
DA:105,0
DA:106,0
DA:107,0
DA:108,0
DA:109,0
DA:110,0
DA:111,0
DA:112,0
DA:113,0
DA:114,0
DA:115,0
DA:116,0
DA:117,0
DA:119,0
DA:120,0
DA:121,0
DA:122,0
DA:123,0
DA:124,0
DA:125,0
DA:126,0
DA:127,0
DA:128,0
DA:129,0
DA:131,0
DA:132,0
DA:133,0
DA:134,0
DA:135,0
DA:136,0
DA:137,0
DA:138,0
DA:140,0
DA:141,0
DA:142,0
DA:143,0
DA:144,0
DA:145,0
DA:146,0
DA:147,0
DA:148,0
DA:149,0
DA:150,0
DA:151,0
DA:153,0
DA:154,0
DA:155,0
DA:156,0
DA:157,0
DA:158,0
DA:159,0
DA:160,0
DA:162,0
DA:163,0
DA:164,0
DA:165,0
DA:166,0
DA:167,0
DA:168,0
DA:169,0
DA:170,0
DA:171,0
DA:172,0
DA:173,0
DA:174,0
DA:178,0
DA:179,0
DA:180,0
DA:181,0
DA:182,0
DA:185,0
DA:186,0
DA:188,0
DA:191,0
DA:192,0
DA:193,0
DA:194,0
DA:197,0
DA:198,0
DA:199,0
DA:202,0
DA:203,0
DA:205,0
DA:208,0
DA:209,0
DA:210,0
DA:211,0
DA:213,0
DA:214,0
DA:215,0
DA:216,0
DA:217,0
DA:218,0
DA:219,0
DA:220,0
DA:221,0
DA:222,0
DA:223,0
DA:224,0
DA:225,0
DA:226,0
DA:227,0
DA:228,0
DA:229,0
DA:230,0
DA:231,0
DA:233,0
DA:234,0
DA:235,0
DA:238,0
DA:239,0
DA:240,0
DA:241,0
DA:242,0
DA:243,0
DA:244,0
DA:245,0
DA:247,0
DA:248,0
DA:249,0
DA:251,0
DA:252,0
DA:253,0
DA:254,0
DA:255,0
DA:256,0
DA:259,0
DA:260,0
DA:261,0
DA:263,0
DA:264,0
DA:265,0
DA:266,0
DA:267,0
DA:270,0
DA:271,0
DA:272,0
DA:275,0
DA:276,0
DA:277,0
DA:278,0
DA:279,0
DA:280,0
DA:281,0
DA:282,0
DA:283,0
DA:286,0
DA:287,0
DA:288,0
DA:289,0
DA:290,0
DA:292,0
DA:293,0
DA:294,0
DA:295,0
DA:296,0
DA:298,0
DA:299,0
DA:300,0
DA:301,0
DA:302,0
DA:303,0
DA:304,0
DA:305,0
DA:306,0
DA:307,0
DA:308,0
DA:310,0
DA:311,0
DA:312,0
DA:313,0
DA:314,0
DA:315,0
DA:316,0
DA:317,0
DA:318,0
DA:319,0
DA:320,0
DA:321,0
DA:324,0
DA:326,0
DA:329,0
DA:330,0
DA:331,0
DA:332,0
DA:333,0
DA:334,0
DA:335,0
DA:336,0
DA:339,0
DA:340,0
DA:341,0
DA:342,0
DA:343,0
DA:344,0
DA:345,0
DA:348,0
DA:349,0
DA:350,0
DA:351,0
DA:352,0
DA:353,0
DA:354,0
DA:355,0
DA:356,0
DA:359,0
DA:360,0
DA:361,0
DA:362,0
DA:363,0
DA:364,0
DA:365,0
DA:366,0
DA:367,0
DA:368,0
DA:369,0
LF:303
LH:0
BRDA:1,0,0,1
BRF:1
BRH:1
end_of_record
TN:
SF:src/renderer/src/views/MainMenu.vue
FN:1,(empty-report)
FNF:1
FNH:1
FNDA:1,(empty-report)
DA:2,0
DA:3,0
DA:4,0
DA:5,0
DA:6,0
DA:7,0
DA:8,0
DA:9,0
DA:11,0
DA:12,0
DA:14,0
DA:15,0
DA:16,0
DA:17,0
DA:18,0
DA:19,0
DA:20,0
DA:22,0
DA:23,0
DA:24,0
DA:26,0
DA:27,0
DA:29,0
DA:30,0
DA:32,0
DA:33,0
DA:34,0
DA:38,0
DA:39,0
DA:41,0
DA:42,0
DA:43,0
DA:45,0
DA:46,0
DA:47,0
DA:48,0
DA:49,0
DA:50,0
DA:51,0
DA:52,0
DA:54,0
DA:55,0
DA:56,0
DA:57,0
DA:58,0
DA:59,0
DA:61,0
DA:63,0
DA:64,0
DA:65,0
DA:67,0
DA:68,0
DA:69,0
LF:53
LH:0
BRDA:1,0,0,1
BRF:1
BRH:1
end_of_record
TN:
SF:src/renderer/src/views/Preferences.vue
FN:1,(empty-report)
FNF:1
FNH:1
FNDA:1,(empty-report)
DA:2,0
DA:3,0
DA:4,0
DA:6,0
DA:7,0
DA:8,0
DA:9,0
DA:10,0
DA:11,0
DA:12,0
DA:13,0
DA:14,0
DA:15,0
DA:17,0
DA:18,0
DA:19,0
DA:20,0
DA:21,0
DA:22,0
DA:23,0
DA:25,0
DA:26,0
DA:27,0
DA:29,0
DA:30,0
DA:32,0
DA:33,0
DA:34,0
DA:35,0
DA:36,0
DA:37,0
DA:38,0
DA:39,0
DA:40,0
DA:41,0
DA:42,0
DA:43,0
DA:44,0
DA:46,0
DA:47,0
DA:48,0
DA:49,0
DA:50,0
DA:52,0
DA:53,0
DA:55,0
DA:56,0
DA:57,0
DA:59,0
DA:60,0
DA:61,0
DA:62,0
DA:63,0
DA:64,0
DA:65,0
DA:66,0
DA:67,0
DA:68,0
DA:69,0
DA:70,0
DA:72,0
DA:73,0
DA:74,0
DA:75,0
DA:76,0
DA:78,0
DA:79,0
DA:81,0
DA:82,0
DA:83,0
DA:85,0
DA:86,0
DA:87,0
DA:91,0
DA:93,0
DA:95,0
DA:96,0
DA:97,0
DA:98,0
DA:99,0
DA:100,0
DA:101,0
DA:102,0
DA:104,0
DA:105,0
DA:106,0
DA:108,0
DA:109,0
DA:110,0
DA:111,0
DA:113,0
DA:114,0
DA:115,0
DA:116,0
DA:117,0
DA:119,0
DA:121,0
DA:122,0
DA:123,0
DA:124,0
DA:125,0
DA:127,0
LF:102
LH:0
BRDA:1,0,0,1
BRF:1
BRH:1
end_of_record
TN:
SF:src/renderer/src/views/Statistics.vue
FN:1,(empty-report)
FNF:1
FNH:1
FNDA:1,(empty-report)
DA:2,0
DA:3,0
DA:4,0
DA:6,0
DA:7,0
DA:8,0
DA:9,0
DA:10,0
DA:11,0
DA:12,0
DA:13,0
DA:14,0
DA:15,0
DA:16,0
DA:17,0
DA:18,0
DA:19,0
DA:20,0
DA:21,0
DA:22,0
DA:23,0
DA:24,0
DA:25,0
DA:26,0
DA:27,0
DA:29,0
DA:30,0
DA:32,0
DA:33,0
DA:35,0
DA:36,0
DA:38,0
DA:39,0
DA:40,0
DA:41,0
DA:42,0
DA:43,0
DA:44,0
DA:45,0
DA:46,0
DA:47,0
DA:48,0
DA:49,0
DA:50,0
DA:54,0
DA:56,0
DA:57,0
DA:59,0
DA:60,0
DA:61,0
DA:63,0
DA:64,0
DA:65,0
DA:66,0
DA:68,0
DA:70,0
DA:72,0
DA:73,0
DA:74,0
DA:75,0
DA:76,0
DA:77,0
DA:78,0
LF:63
LH:0
BRDA:1,0,0,1
BRF:1
BRH:1
end_of_record
